<?xml version="1.0" encoding="UTF-8"?>
<testng-results ignored="0" total="1" passed="1" failed="0" skipped="0">
  <reporter-output>
  </reporter-output>
  <suite started-at="2025-08-17T13:44:05 IST" name="Suite" finished-at="2025-08-17T13:44:22 IST" duration-ms="16625">
    <groups>
    </groups>
    <test started-at="2025-08-17T13:44:05 IST" name="Test" finished-at="2025-08-17T13:44:22 IST" duration-ms="16625">
      <class name="com.code.NewTest">
        <test-method signature="f()[pri:0, instance:com.code.NewTest@393671df]" started-at="2025-08-17T13:44:05 IST" name="f" finished-at="2025-08-17T13:44:22 IST" duration-ms="16535" status="PASS">
          <reporter-output>
          </reporter-output>
        </test-method> <!-- f -->
      </class> <!-- com.code.NewTest -->
    </test> <!-- Test -->
  </suite> <!-- Suite -->
</testng-results>
